C:\USERS\EDDIE\DOCUMENTS\DROPBOX\ID PROGRAMMING ACADEMY\PROGRAMMING 101\PROJECTS\E.BUG_LUCKYSLOTS\E.BUG_LUCKYSLOTS\DEBUG\E.BUG_LUCKYSLOTS.PCH
C:\USERS\EDDIE\DOCUMENTS\DROPBOX\ID PROGRAMMING ACADEMY\PROGRAMMING 101\PROJECTS\E.BUG_LUCKYSLOTS\E.BUG_LUCKYSLOTS\DEBUG\STDAFX.OBJ
C:\USERS\EDDIE\DOCUMENTS\DROPBOX\ID PROGRAMMING ACADEMY\PROGRAMMING 101\PROJECTS\E.BUG_LUCKYSLOTS\E.BUG_LUCKYSLOTS\DEBUG\VC110.PDB
C:\USERS\EDDIE\DOCUMENTS\DROPBOX\ID PROGRAMMING ACADEMY\PROGRAMMING 101\PROJECTS\E.BUG_LUCKYSLOTS\E.BUG_LUCKYSLOTS\DEBUG\E.BUG_LUCKYSLOTS.OBJ
C:\USERS\EDDIE\DOCUMENTS\DROPBOX\ID PROGRAMMING ACADEMY\PROGRAMMING 101\PROJECTS\E.BUG_LUCKYSLOTS\DEBUG\E.BUG_LUCKYSLOTS.ILK
C:\USERS\EDDIE\DOCUMENTS\DROPBOX\ID PROGRAMMING ACADEMY\PROGRAMMING 101\PROJECTS\E.BUG_LUCKYSLOTS\DEBUG\E.BUG_LUCKYSLOTS.EXE
C:\USERS\EDDIE\DOCUMENTS\DROPBOX\ID PROGRAMMING ACADEMY\PROGRAMMING 101\PROJECTS\E.BUG_LUCKYSLOTS\DEBUG\E.BUG_LUCKYSLOTS.PDB
C:\Users\Eddie\Documents\Dropbox\iD Programming Academy\Programming 101\Projects\E.Bug_LuckySlots\E.Bug_LuckySlots\Debug\stdafx.obj
C:\Users\Eddie\Documents\Dropbox\iD Programming Academy\Programming 101\Projects\E.Bug_LuckySlots\E.Bug_LuckySlots\Debug\cl.command.1.tlog
C:\Users\Eddie\Documents\Dropbox\iD Programming Academy\Programming 101\Projects\E.Bug_LuckySlots\E.Bug_LuckySlots\Debug\CL.read.1.tlog
C:\Users\Eddie\Documents\Dropbox\iD Programming Academy\Programming 101\Projects\E.Bug_LuckySlots\E.Bug_LuckySlots\Debug\CL.write.1.tlog
C:\Users\Eddie\Documents\Dropbox\iD Programming Academy\Programming 101\Projects\E.Bug_LuckySlots\E.Bug_LuckySlots\Debug\link-cvtres.read.1.tlog
C:\Users\Eddie\Documents\Dropbox\iD Programming Academy\Programming 101\Projects\E.Bug_LuckySlots\E.Bug_LuckySlots\Debug\link-cvtres.write.1.tlog
C:\Users\Eddie\Documents\Dropbox\iD Programming Academy\Programming 101\Projects\E.Bug_LuckySlots\E.Bug_LuckySlots\Debug\link-rc.read.1.tlog
C:\Users\Eddie\Documents\Dropbox\iD Programming Academy\Programming 101\Projects\E.Bug_LuckySlots\E.Bug_LuckySlots\Debug\link-rc.write.1.tlog
C:\Users\Eddie\Documents\Dropbox\iD Programming Academy\Programming 101\Projects\E.Bug_LuckySlots\E.Bug_LuckySlots\Debug\link.command.1.tlog
C:\Users\Eddie\Documents\Dropbox\iD Programming Academy\Programming 101\Projects\E.Bug_LuckySlots\E.Bug_LuckySlots\Debug\link.read.1.tlog
C:\Users\Eddie\Documents\Dropbox\iD Programming Academy\Programming 101\Projects\E.Bug_LuckySlots\E.Bug_LuckySlots\Debug\link.write.1.tlog
C:\Users\Eddie\Documents\Dropbox\iD Programming Academy\Programming 101\Projects\E.Bug_LuckySlots\E.Bug_LuckySlots\Debug\E.Bug_LuckySlots.pch
C:\Users\Eddie\Documents\Dropbox\iD Programming Academy\Programming 101\Projects\E.Bug_LuckySlots\E.Bug_LuckySlots\Debug\vc110.idb
C:\Users\Eddie\Documents\Dropbox\iD Programming Academy\Programming 101\Projects\E.Bug_LuckySlots\E.Bug_LuckySlots\Debug\vc110.pdb
C:\Users\Eddie\Documents\Dropbox\iD Programming Academy\Programming 101\Projects\E.Bug_LuckySlots\Debug\E.Bug_LuckySlots.pdb
C:\Users\Eddie\Documents\Dropbox\iD Programming Academy\Programming 101\Projects\E.Bug_LuckySlots\Debug\E.Bug_LuckySlots.exe
C:\Users\Eddie\Documents\Dropbox\iD Programming Academy\Programming 101\Projects\E.Bug_LuckySlots\Debug\E.Bug_LuckySlots.ilk
